mode: atomic
github.com/smartcontractkit/chainlink/core/services/ocr2/plugins/directrequestocr/codec.go:14.46,16.16 2 6
github.com/smartcontractkit/chainlink/core/services/ocr2/plugins/directrequestocr/codec.go:19.2,20.16 2 6
github.com/smartcontractkit/chainlink/core/services/ocr2/plugins/directrequestocr/codec.go:23.2,27.9 1 6
github.com/smartcontractkit/chainlink/core/services/ocr2/plugins/directrequestocr/codec.go:16.16,18.3 1 0
github.com/smartcontractkit/chainlink/core/services/ocr2/plugins/directrequestocr/codec.go:20.16,22.3 1 0
github.com/smartcontractkit/chainlink/core/services/ocr2/plugins/directrequestocr/codec.go:30.45,32.16 2 6
github.com/smartcontractkit/chainlink/core/services/ocr2/plugins/directrequestocr/codec.go:35.2,37.8 1 6
github.com/smartcontractkit/chainlink/core/services/ocr2/plugins/directrequestocr/codec.go:32.16,34.3 1 0
github.com/smartcontractkit/chainlink/core/services/ocr2/plugins/directrequestocr/codec.go:40.43,44.2 3 8
github.com/smartcontractkit/chainlink/core/services/ocr2/plugins/directrequestocr/codec.go:46.82,48.15 2 2
github.com/smartcontractkit/chainlink/core/services/ocr2/plugins/directrequestocr/codec.go:51.2,54.28 4 2
github.com/smartcontractkit/chainlink/core/services/ocr2/plugins/directrequestocr/codec.go:59.2,59.49 1 2
github.com/smartcontractkit/chainlink/core/services/ocr2/plugins/directrequestocr/codec.go:48.15,50.3 1 0
github.com/smartcontractkit/chainlink/core/services/ocr2/plugins/directrequestocr/codec.go:54.28,58.3 3 3
github.com/smartcontractkit/chainlink/core/services/ocr2/plugins/directrequestocr/codec.go:62.77,64.70 2 2
github.com/smartcontractkit/chainlink/core/services/ocr2/plugins/directrequestocr/codec.go:68.2,71.39 4 2
github.com/smartcontractkit/chainlink/core/services/ocr2/plugins/directrequestocr/codec.go:75.2,78.39 4 2
github.com/smartcontractkit/chainlink/core/services/ocr2/plugins/directrequestocr/codec.go:82.2,83.49 2 2
github.com/smartcontractkit/chainlink/core/services/ocr2/plugins/directrequestocr/codec.go:86.2,86.15 1 2
github.com/smartcontractkit/chainlink/core/services/ocr2/plugins/directrequestocr/codec.go:90.2,91.28 2 2
github.com/smartcontractkit/chainlink/core/services/ocr2/plugins/directrequestocr/codec.go:98.2,98.21 1 2
github.com/smartcontractkit/chainlink/core/services/ocr2/plugins/directrequestocr/codec.go:64.70,66.3 1 0
github.com/smartcontractkit/chainlink/core/services/ocr2/plugins/directrequestocr/codec.go:71.39,73.3 1 0
github.com/smartcontractkit/chainlink/core/services/ocr2/plugins/directrequestocr/codec.go:78.39,80.3 1 0
github.com/smartcontractkit/chainlink/core/services/ocr2/plugins/directrequestocr/codec.go:83.49,85.3 1 0
github.com/smartcontractkit/chainlink/core/services/ocr2/plugins/directrequestocr/codec.go:86.15,88.3 1 0
github.com/smartcontractkit/chainlink/core/services/ocr2/plugins/directrequestocr/codec.go:91.28,97.3 1 3
github.com/smartcontractkit/chainlink/core/services/ocr2/plugins/directrequestocr/plugin.go:35.196,38.16 3 0
github.com/smartcontractkit/chainlink/core/services/ocr2/plugins/directrequestocr/plugin.go:41.2,42.16 2 0
github.com/smartcontractkit/chainlink/core/services/ocr2/plugins/directrequestocr/plugin.go:46.2,55.8 1 0
github.com/smartcontractkit/chainlink/core/services/ocr2/plugins/directrequestocr/plugin.go:38.16,40.3 1 0
github.com/smartcontractkit/chainlink/core/services/ocr2/plugins/directrequestocr/plugin.go:42.16,44.3 1 0
github.com/smartcontractkit/chainlink/core/services/ocr2/plugins/directrequestocr/plugin.go:58.81,64.2 1 0
github.com/smartcontractkit/chainlink/core/services/ocr2/plugins/directrequestocr/plugin.go:66.60,69.16 3 0
github.com/smartcontractkit/chainlink/core/services/ocr2/plugins/directrequestocr/plugin.go:72.2,82.22 5 0
github.com/smartcontractkit/chainlink/core/services/ocr2/plugins/directrequestocr/plugin.go:69.16,71.3 1 0
github.com/smartcontractkit/chainlink/core/services/ocr2/plugins/directrequestocr/reporting.go:37.161,39.16 2 4
github.com/smartcontractkit/chainlink/core/services/ocr2/plugins/directrequestocr/reporting.go:45.2,46.16 2 4
github.com/smartcontractkit/chainlink/core/services/ocr2/plugins/directrequestocr/reporting.go:50.2,67.27 3 4
github.com/smartcontractkit/chainlink/core/services/ocr2/plugins/directrequestocr/reporting.go:39.16,44.3 2 0
github.com/smartcontractkit/chainlink/core/services/ocr2/plugins/directrequestocr/reporting.go:46.16,49.3 2 0
github.com/smartcontractkit/chainlink/core/services/ocr2/plugins/directrequestocr/reporting.go:71.108,79.16 4 2
github.com/smartcontractkit/chainlink/core/services/ocr2/plugins/directrequestocr/reporting.go:83.2,84.33 2 2
github.com/smartcontractkit/chainlink/core/services/ocr2/plugins/directrequestocr/reporting.go:88.2,94.35 2 2
github.com/smartcontractkit/chainlink/core/services/ocr2/plugins/directrequestocr/reporting.go:79.16,81.3 1 0
github.com/smartcontractkit/chainlink/core/services/ocr2/plugins/directrequestocr/reporting.go:84.33,87.3 2 6
github.com/smartcontractkit/chainlink/core/services/ocr2/plugins/directrequestocr/reporting.go:98.139,106.16 4 1
github.com/smartcontractkit/chainlink/core/services/ocr2/plugins/directrequestocr/reporting.go:110.2,112.43 3 1
github.com/smartcontractkit/chainlink/core/services/ocr2/plugins/directrequestocr/reporting.go:138.2,142.41 2 1
github.com/smartcontractkit/chainlink/core/services/ocr2/plugins/directrequestocr/reporting.go:106.16,108.3 1 0
github.com/smartcontractkit/chainlink/core/services/ocr2/plugins/directrequestocr/reporting.go:112.43,114.36 2 5
github.com/smartcontractkit/chainlink/core/services/ocr2/plugins/directrequestocr/reporting.go:120.3,122.18 3 4
github.com/smartcontractkit/chainlink/core/services/ocr2/plugins/directrequestocr/reporting.go:129.3,129.57 1 3
github.com/smartcontractkit/chainlink/core/services/ocr2/plugins/directrequestocr/reporting.go:114.36,118.12 2 1
github.com/smartcontractkit/chainlink/core/services/ocr2/plugins/directrequestocr/reporting.go:122.18,127.12 2 1
github.com/smartcontractkit/chainlink/core/services/ocr2/plugins/directrequestocr/reporting.go:129.57,136.4 2 2
github.com/smartcontractkit/chainlink/core/services/ocr2/plugins/directrequestocr/reporting.go:146.170,155.16 4 2
github.com/smartcontractkit/chainlink/core/services/ocr2/plugins/directrequestocr/reporting.go:161.2,162.43 2 2
github.com/smartcontractkit/chainlink/core/services/ocr2/plugins/directrequestocr/reporting.go:166.2,166.25 1 2
github.com/smartcontractkit/chainlink/core/services/ocr2/plugins/directrequestocr/reporting.go:182.2,184.58 3 2
github.com/smartcontractkit/chainlink/core/services/ocr2/plugins/directrequestocr/reporting.go:210.2,214.29 2 2
github.com/smartcontractkit/chainlink/core/services/ocr2/plugins/directrequestocr/reporting.go:217.2,218.16 2 1
github.com/smartcontractkit/chainlink/core/services/ocr2/plugins/directrequestocr/reporting.go:221.2,221.31 1 1
github.com/smartcontractkit/chainlink/core/services/ocr2/plugins/directrequestocr/reporting.go:155.16,159.3 2 0
github.com/smartcontractkit/chainlink/core/services/ocr2/plugins/directrequestocr/reporting.go:162.43,164.3 1 6
github.com/smartcontractkit/chainlink/core/services/ocr2/plugins/directrequestocr/reporting.go:166.25,169.17 3 5
github.com/smartcontractkit/chainlink/core/services/ocr2/plugins/directrequestocr/reporting.go:174.3,174.67 1 5
github.com/smartcontractkit/chainlink/core/services/ocr2/plugins/directrequestocr/reporting.go:169.17,172.12 2 0
github.com/smartcontractkit/chainlink/core/services/ocr2/plugins/directrequestocr/reporting.go:174.67,176.49 2 5
github.com/smartcontractkit/chainlink/core/services/ocr2/plugins/directrequestocr/reporting.go:176.49,178.5 1 5
github.com/smartcontractkit/chainlink/core/services/ocr2/plugins/directrequestocr/reporting.go:184.58,185.72 1 6
github.com/smartcontractkit/chainlink/core/services/ocr2/plugins/directrequestocr/reporting.go:197.3,198.20 2 1
github.com/smartcontractkit/chainlink/core/services/ocr2/plugins/directrequestocr/reporting.go:207.3,207.52 1 1
github.com/smartcontractkit/chainlink/core/services/ocr2/plugins/directrequestocr/reporting.go:185.72,192.12 2 5
github.com/smartcontractkit/chainlink/core/services/ocr2/plugins/directrequestocr/reporting.go:198.20,205.12 2 0
github.com/smartcontractkit/chainlink/core/services/ocr2/plugins/directrequestocr/reporting.go:214.29,216.3 1 1
github.com/smartcontractkit/chainlink/core/services/ocr2/plugins/directrequestocr/reporting.go:218.16,220.3 1 0
github.com/smartcontractkit/chainlink/core/services/ocr2/plugins/directrequestocr/reporting.go:226.144,232.2 2 0
github.com/smartcontractkit/chainlink/core/services/ocr2/plugins/directrequestocr/reporting.go:235.145,244.16 3 0
github.com/smartcontractkit/chainlink/core/services/ocr2/plugins/directrequestocr/reporting.go:249.2,251.31 3 0
github.com/smartcontractkit/chainlink/core/services/ocr2/plugins/directrequestocr/reporting.go:265.2,270.42 2 0
github.com/smartcontractkit/chainlink/core/services/ocr2/plugins/directrequestocr/reporting.go:244.16,247.3 2 0
github.com/smartcontractkit/chainlink/core/services/ocr2/plugins/directrequestocr/reporting.go:251.31,255.17 4 0
github.com/smartcontractkit/chainlink/core/services/ocr2/plugins/directrequestocr/reporting.go:255.17,261.4 2 0
github.com/smartcontractkit/chainlink/core/services/ocr2/plugins/directrequestocr/reporting.go:261.9,261.98 1 0
github.com/smartcontractkit/chainlink/core/services/ocr2/plugins/directrequestocr/reporting.go:261.98,263.4 1 0
github.com/smartcontractkit/chainlink/core/services/ocr2/plugins/directrequestocr/reporting.go:274.48,277.2 2 0
github.com/smartcontractkit/chainlink/core/services/ocr2/plugins/directrequestocr/types.pb.go:32.25,34.29 2 5
github.com/smartcontractkit/chainlink/core/services/ocr2/plugins/directrequestocr/types.pb.go:34.29,38.3 3 5
github.com/smartcontractkit/chainlink/core/services/ocr2/plugins/directrequestocr/types.pb.go:41.33,43.2 1 0
github.com/smartcontractkit/chainlink/core/services/ocr2/plugins/directrequestocr/types.pb.go:45.31,45.32 0 0
github.com/smartcontractkit/chainlink/core/services/ocr2/plugins/directrequestocr/types.pb.go:47.53,49.41 2 9
github.com/smartcontractkit/chainlink/core/services/ocr2/plugins/directrequestocr/types.pb.go:56.2,56.24 1 0
github.com/smartcontractkit/chainlink/core/services/ocr2/plugins/directrequestocr/types.pb.go:49.41,51.34 2 9
github.com/smartcontractkit/chainlink/core/services/ocr2/plugins/directrequestocr/types.pb.go:54.3,54.12 1 9
github.com/smartcontractkit/chainlink/core/services/ocr2/plugins/directrequestocr/types.pb.go:51.34,53.4 1 9
github.com/smartcontractkit/chainlink/core/services/ocr2/plugins/directrequestocr/types.pb.go:60.44,62.2 1 0
github.com/smartcontractkit/chainlink/core/services/ocr2/plugins/directrequestocr/types.pb.go:64.42,65.14 1 0
github.com/smartcontractkit/chainlink/core/services/ocr2/plugins/directrequestocr/types.pb.go:68.2,68.12 1 0
github.com/smartcontractkit/chainlink/core/services/ocr2/plugins/directrequestocr/types.pb.go:65.14,67.3 1 0
github.com/smartcontractkit/chainlink/core/services/ocr2/plugins/directrequestocr/types.pb.go:81.36,83.29 2 0
github.com/smartcontractkit/chainlink/core/services/ocr2/plugins/directrequestocr/types.pb.go:83.29,87.3 3 0
github.com/smartcontractkit/chainlink/core/services/ocr2/plugins/directrequestocr/types.pb.go:90.44,92.2 1 0
github.com/smartcontractkit/chainlink/core/services/ocr2/plugins/directrequestocr/types.pb.go:94.42,94.43 0 0
github.com/smartcontractkit/chainlink/core/services/ocr2/plugins/directrequestocr/types.pb.go:96.64,98.41 2 3
github.com/smartcontractkit/chainlink/core/services/ocr2/plugins/directrequestocr/types.pb.go:105.2,105.24 1 3
github.com/smartcontractkit/chainlink/core/services/ocr2/plugins/directrequestocr/types.pb.go:98.41,100.34 2 0
github.com/smartcontractkit/chainlink/core/services/ocr2/plugins/directrequestocr/types.pb.go:103.3,103.12 1 0
github.com/smartcontractkit/chainlink/core/services/ocr2/plugins/directrequestocr/types.pb.go:100.34,102.4 1 0
github.com/smartcontractkit/chainlink/core/services/ocr2/plugins/directrequestocr/types.pb.go:109.55,111.2 1 0
github.com/smartcontractkit/chainlink/core/services/ocr2/plugins/directrequestocr/types.pb.go:113.50,114.14 1 0
github.com/smartcontractkit/chainlink/core/services/ocr2/plugins/directrequestocr/types.pb.go:117.2,117.12 1 0
github.com/smartcontractkit/chainlink/core/services/ocr2/plugins/directrequestocr/types.pb.go:114.14,116.3 1 0
github.com/smartcontractkit/chainlink/core/services/ocr2/plugins/directrequestocr/types.pb.go:120.47,121.14 1 0
github.com/smartcontractkit/chainlink/core/services/ocr2/plugins/directrequestocr/types.pb.go:124.2,124.12 1 0
github.com/smartcontractkit/chainlink/core/services/ocr2/plugins/directrequestocr/types.pb.go:121.14,123.3 1 0
github.com/smartcontractkit/chainlink/core/services/ocr2/plugins/directrequestocr/types.pb.go:127.46,128.14 1 43
github.com/smartcontractkit/chainlink/core/services/ocr2/plugins/directrequestocr/types.pb.go:131.2,131.12 1 0
github.com/smartcontractkit/chainlink/core/services/ocr2/plugins/directrequestocr/types.pb.go:128.14,130.3 1 43
github.com/smartcontractkit/chainlink/core/services/ocr2/plugins/directrequestocr/types.pb.go:142.31,144.29 2 6
github.com/smartcontractkit/chainlink/core/services/ocr2/plugins/directrequestocr/types.pb.go:144.29,148.3 3 6
github.com/smartcontractkit/chainlink/core/services/ocr2/plugins/directrequestocr/types.pb.go:151.39,153.2 1 0
github.com/smartcontractkit/chainlink/core/services/ocr2/plugins/directrequestocr/types.pb.go:155.37,155.38 0 0
github.com/smartcontractkit/chainlink/core/services/ocr2/plugins/directrequestocr/types.pb.go:157.59,159.41 2 10
github.com/smartcontractkit/chainlink/core/services/ocr2/plugins/directrequestocr/types.pb.go:166.2,166.24 1 0
github.com/smartcontractkit/chainlink/core/services/ocr2/plugins/directrequestocr/types.pb.go:159.41,161.34 2 10
github.com/smartcontractkit/chainlink/core/services/ocr2/plugins/directrequestocr/types.pb.go:164.3,164.12 1 10
github.com/smartcontractkit/chainlink/core/services/ocr2/plugins/directrequestocr/types.pb.go:161.34,163.4 1 10
github.com/smartcontractkit/chainlink/core/services/ocr2/plugins/directrequestocr/types.pb.go:170.50,172.2 1 0
github.com/smartcontractkit/chainlink/core/services/ocr2/plugins/directrequestocr/types.pb.go:174.66,175.14 1 0
github.com/smartcontractkit/chainlink/core/services/ocr2/plugins/directrequestocr/types.pb.go:178.2,178.12 1 0
github.com/smartcontractkit/chainlink/core/services/ocr2/plugins/directrequestocr/types.pb.go:175.14,177.3 1 0
github.com/smartcontractkit/chainlink/core/services/ocr2/plugins/directrequestocr/types.pb.go:213.88,214.85 1 0
github.com/smartcontractkit/chainlink/core/services/ocr2/plugins/directrequestocr/types.pb.go:217.2,217.81 1 0
github.com/smartcontractkit/chainlink/core/services/ocr2/plugins/directrequestocr/types.pb.go:214.85,216.3 1 0
github.com/smartcontractkit/chainlink/core/services/ocr2/plugins/directrequestocr/types.pb.go:235.13,235.84 1 1
github.com/smartcontractkit/chainlink/core/services/ocr2/plugins/directrequestocr/types.pb.go:236.74,237.73 1 1
github.com/smartcontractkit/chainlink/core/services/ocr2/plugins/directrequestocr/types.pb.go:240.2,240.30 1 1
github.com/smartcontractkit/chainlink/core/services/ocr2/plugins/directrequestocr/types.pb.go:278.2,295.76 6 1
github.com/smartcontractkit/chainlink/core/services/ocr2/plugins/directrequestocr/types.pb.go:237.73,239.3 1 0
github.com/smartcontractkit/chainlink/core/services/ocr2/plugins/directrequestocr/types.pb.go:240.30,241.126 1 0
github.com/smartcontractkit/chainlink/core/services/ocr2/plugins/directrequestocr/types.pb.go:253.3,253.126 1 0
github.com/smartcontractkit/chainlink/core/services/ocr2/plugins/directrequestocr/types.pb.go:265.3,265.126 1 0
github.com/smartcontractkit/chainlink/core/services/ocr2/plugins/directrequestocr/types.pb.go:241.126,242.30 1 0
github.com/smartcontractkit/chainlink/core/services/ocr2/plugins/directrequestocr/types.pb.go:243.11,244.20 1 0
github.com/smartcontractkit/chainlink/core/services/ocr2/plugins/directrequestocr/types.pb.go:245.11,246.24 1 0
github.com/smartcontractkit/chainlink/core/services/ocr2/plugins/directrequestocr/types.pb.go:247.11,248.28 1 0
github.com/smartcontractkit/chainlink/core/services/ocr2/plugins/directrequestocr/types.pb.go:249.12,250.15 1 0
github.com/smartcontractkit/chainlink/core/services/ocr2/plugins/directrequestocr/types.pb.go:253.126,254.41 1 0
github.com/smartcontractkit/chainlink/core/services/ocr2/plugins/directrequestocr/types.pb.go:255.11,256.20 1 0
github.com/smartcontractkit/chainlink/core/services/ocr2/plugins/directrequestocr/types.pb.go:257.11,258.24 1 0
github.com/smartcontractkit/chainlink/core/services/ocr2/plugins/directrequestocr/types.pb.go:259.11,260.28 1 0
github.com/smartcontractkit/chainlink/core/services/ocr2/plugins/directrequestocr/types.pb.go:261.12,262.15 1 0
github.com/smartcontractkit/chainlink/core/services/ocr2/plugins/directrequestocr/types.pb.go:265.126,266.36 1 0
github.com/smartcontractkit/chainlink/core/services/ocr2/plugins/directrequestocr/types.pb.go:267.11,268.20 1 0
github.com/smartcontractkit/chainlink/core/services/ocr2/plugins/directrequestocr/types.pb.go:269.11,270.24 1 0
github.com/smartcontractkit/chainlink/core/services/ocr2/plugins/directrequestocr/types.pb.go:271.11,272.28 1 0
github.com/smartcontractkit/chainlink/core/services/ocr2/plugins/directrequestocr/types.pb.go:273.12,274.15 1 0
github.com/smartcontractkit/chainlink/core/services/ocr2/plugins/directrequestocr/aggregation.go:12.72,14.2 1 12
github.com/smartcontractkit/chainlink/core/services/ocr2/plugins/directrequestocr/aggregation.go:16.113,17.28 1 6
github.com/smartcontractkit/chainlink/core/services/ocr2/plugins/directrequestocr/aggregation.go:20.2,28.35 5 6
github.com/smartcontractkit/chainlink/core/services/ocr2/plugins/directrequestocr/aggregation.go:38.2,39.36 2 6
github.com/smartcontractkit/chainlink/core/services/ocr2/plugins/directrequestocr/aggregation.go:47.2,47.34 1 5
github.com/smartcontractkit/chainlink/core/services/ocr2/plugins/directrequestocr/aggregation.go:50.2,50.19 1 5
github.com/smartcontractkit/chainlink/core/services/ocr2/plugins/directrequestocr/aggregation.go:17.28,19.3 1 0
github.com/smartcontractkit/chainlink/core/services/ocr2/plugins/directrequestocr/aggregation.go:28.35,29.41 1 23
github.com/smartcontractkit/chainlink/core/services/ocr2/plugins/directrequestocr/aggregation.go:32.3,32.55 1 23
github.com/smartcontractkit/chainlink/core/services/ocr2/plugins/directrequestocr/aggregation.go:29.41,31.4 1 0
github.com/smartcontractkit/chainlink/core/services/ocr2/plugins/directrequestocr/aggregation.go:32.55,34.4 1 3
github.com/smartcontractkit/chainlink/core/services/ocr2/plugins/directrequestocr/aggregation.go:34.9,36.4 1 20
github.com/smartcontractkit/chainlink/core/services/ocr2/plugins/directrequestocr/aggregation.go:39.36,40.32 1 1
github.com/smartcontractkit/chainlink/core/services/ocr2/plugins/directrequestocr/aggregation.go:44.3,45.27 2 1
github.com/smartcontractkit/chainlink/core/services/ocr2/plugins/directrequestocr/aggregation.go:40.32,42.4 1 3
github.com/smartcontractkit/chainlink/core/services/ocr2/plugins/directrequestocr/aggregation.go:47.34,49.3 1 20
github.com/smartcontractkit/chainlink/core/services/ocr2/plugins/directrequestocr/aggregation.go:51.49,53.27 2 2
github.com/smartcontractkit/chainlink/core/services/ocr2/plugins/directrequestocr/aggregation.go:54.51,56.27 2 3
github.com/smartcontractkit/chainlink/core/services/ocr2/plugins/directrequestocr/aggregation.go:57.10,58.74 1 0
github.com/smartcontractkit/chainlink/core/services/ocr2/plugins/directrequestocr/aggregation.go:62.43,66.29 4 3
github.com/smartcontractkit/chainlink/core/services/ocr2/plugins/directrequestocr/aggregation.go:75.2,75.29 1 3
github.com/smartcontractkit/chainlink/core/services/ocr2/plugins/directrequestocr/aggregation.go:66.29,70.30 4 10
github.com/smartcontractkit/chainlink/core/services/ocr2/plugins/directrequestocr/aggregation.go:70.30,73.4 2 7
github.com/smartcontractkit/chainlink/core/services/ocr2/plugins/directrequestocr/aggregation.go:78.45,79.40 1 3
github.com/smartcontractkit/chainlink/core/services/ocr2/plugins/directrequestocr/aggregation.go:86.2,86.23 1 3
github.com/smartcontractkit/chainlink/core/services/ocr2/plugins/directrequestocr/aggregation.go:89.2,89.60 1 2
github.com/smartcontractkit/chainlink/core/services/ocr2/plugins/directrequestocr/aggregation.go:79.40,80.37 1 18
github.com/smartcontractkit/chainlink/core/services/ocr2/plugins/directrequestocr/aggregation.go:84.3,84.47 1 9
github.com/smartcontractkit/chainlink/core/services/ocr2/plugins/directrequestocr/aggregation.go:80.37,83.4 1 9
github.com/smartcontractkit/chainlink/core/services/ocr2/plugins/directrequestocr/aggregation.go:86.23,88.3 1 1
github.com/smartcontractkit/chainlink/core/services/ocr2/plugins/directrequestocr/aggregation.go:92.43,93.25 1 2
github.com/smartcontractkit/chainlink/core/services/ocr2/plugins/directrequestocr/aggregation.go:96.2,101.24 6 2
github.com/smartcontractkit/chainlink/core/services/ocr2/plugins/directrequestocr/aggregation.go:105.2,105.20 1 0
github.com/smartcontractkit/chainlink/core/services/ocr2/plugins/directrequestocr/aggregation.go:93.25,95.3 1 0
github.com/smartcontractkit/chainlink/core/services/ocr2/plugins/directrequestocr/aggregation.go:101.24,104.3 1 2
