mode: atomic
github.com/smartcontractkit/chainlink/v2/tools/flakeytests/reporter.go:50.103,54.38 4 0
github.com/smartcontractkit/chainlink/v2/tools/flakeytests/reporter.go:54.38,55.24 1 0
github.com/smartcontractkit/chainlink/v2/tools/flakeytests/reporter.go:55.24,62.18 2 0
github.com/smartcontractkit/chainlink/v2/tools/flakeytests/reporter.go:62.18,64.5 1 0
github.com/smartcontractkit/chainlink/v2/tools/flakeytests/reporter.go:65.4,65.46 1 0
github.com/smartcontractkit/chainlink/v2/tools/flakeytests/reporter.go:72.2,73.16 2 0
github.com/smartcontractkit/chainlink/v2/tools/flakeytests/reporter.go:73.16,75.3 1 0
github.com/smartcontractkit/chainlink/v2/tools/flakeytests/reporter.go:77.2,90.16 3 0
github.com/smartcontractkit/chainlink/v2/tools/flakeytests/reporter.go:93.63,95.16 2 0
github.com/smartcontractkit/chainlink/v2/tools/flakeytests/reporter.go:95.16,97.3 1 0
github.com/smartcontractkit/chainlink/v2/tools/flakeytests/reporter.go:99.2,101.16 3 0
github.com/smartcontractkit/chainlink/v2/tools/flakeytests/reporter.go:101.16,103.3 1 0
github.com/smartcontractkit/chainlink/v2/tools/flakeytests/reporter.go:104.2,110.16 4 0
github.com/smartcontractkit/chainlink/v2/tools/flakeytests/reporter.go:110.16,112.3 1 0
github.com/smartcontractkit/chainlink/v2/tools/flakeytests/reporter.go:112.8,112.52 1 0
github.com/smartcontractkit/chainlink/v2/tools/flakeytests/reporter.go:112.52,114.18 2 0
github.com/smartcontractkit/chainlink/v2/tools/flakeytests/reporter.go:114.18,116.4 1 0
github.com/smartcontractkit/chainlink/v2/tools/flakeytests/reporter.go:117.3,117.83 1 0
github.com/smartcontractkit/chainlink/v2/tools/flakeytests/reporter.go:119.2,119.12 1 0
github.com/smartcontractkit/chainlink/v2/tools/flakeytests/reporter.go:122.81,124.16 2 0
github.com/smartcontractkit/chainlink/v2/tools/flakeytests/reporter.go:124.16,126.3 1 0
github.com/smartcontractkit/chainlink/v2/tools/flakeytests/reporter.go:128.2,128.31 1 0
github.com/smartcontractkit/chainlink/v2/tools/flakeytests/reporter.go:131.77,133.2 1 0
github.com/smartcontractkit/chainlink/v2/tools/flakeytests/runner.go:40.79,44.30 1 0
github.com/smartcontractkit/chainlink/v2/tools/flakeytests/runner.go:44.31,44.32 0 0
github.com/smartcontractkit/chainlink/v2/tools/flakeytests/runner.go:46.2,52.3 1 0
github.com/smartcontractkit/chainlink/v2/tools/flakeytests/runner.go:61.75,70.2 8 0
github.com/smartcontractkit/chainlink/v2/tools/flakeytests/runner.go:81.45,85.2 3 0
github.com/smartcontractkit/chainlink/v2/tools/flakeytests/runner.go:87.75,89.28 2 0
github.com/smartcontractkit/chainlink/v2/tools/flakeytests/runner.go:89.28,91.16 2 0
github.com/smartcontractkit/chainlink/v2/tools/flakeytests/runner.go:91.16,93.19 2 0
github.com/smartcontractkit/chainlink/v2/tools/flakeytests/runner.go:93.19,94.13 1 0
github.com/smartcontractkit/chainlink/v2/tools/flakeytests/runner.go:99.4,99.42 1 0
github.com/smartcontractkit/chainlink/v2/tools/flakeytests/runner.go:99.42,100.13 1 0
github.com/smartcontractkit/chainlink/v2/tools/flakeytests/runner.go:103.4,104.18 2 0
github.com/smartcontractkit/chainlink/v2/tools/flakeytests/runner.go:104.18,106.5 1 0
github.com/smartcontractkit/chainlink/v2/tools/flakeytests/runner.go:110.4,110.39 1 0
github.com/smartcontractkit/chainlink/v2/tools/flakeytests/runner.go:110.39,111.13 1 0
github.com/smartcontractkit/chainlink/v2/tools/flakeytests/runner.go:114.4,114.20 1 0
github.com/smartcontractkit/chainlink/v2/tools/flakeytests/runner.go:115.16,116.32 1 0
github.com/smartcontractkit/chainlink/v2/tools/flakeytests/runner.go:116.32,118.6 1 0
github.com/smartcontractkit/chainlink/v2/tools/flakeytests/runner.go:119.5,119.31 1 0
github.com/smartcontractkit/chainlink/v2/tools/flakeytests/runner.go:120.18,121.38 1 0
github.com/smartcontractkit/chainlink/v2/tools/flakeytests/runner.go:121.38,122.33 1 0
github.com/smartcontractkit/chainlink/v2/tools/flakeytests/runner.go:122.33,124.7 1 0
github.com/smartcontractkit/chainlink/v2/tools/flakeytests/runner.go:125.6,125.32 1 0
github.com/smartcontractkit/chainlink/v2/tools/flakeytests/runner.go:130.3,130.33 1 0
github.com/smartcontractkit/chainlink/v2/tools/flakeytests/runner.go:130.33,132.4 1 0
github.com/smartcontractkit/chainlink/v2/tools/flakeytests/runner.go:134.2,134.19 1 0
github.com/smartcontractkit/chainlink/v2/tools/flakeytests/runner.go:141.106,144.38 2 0
github.com/smartcontractkit/chainlink/v2/tools/flakeytests/runner.go:144.38,146.27 2 0
github.com/smartcontractkit/chainlink/v2/tools/flakeytests/runner.go:146.27,148.4 1 0
github.com/smartcontractkit/chainlink/v2/tools/flakeytests/runner.go:150.3,151.36 2 0
github.com/smartcontractkit/chainlink/v2/tools/flakeytests/runner.go:151.36,155.18 3 0
github.com/smartcontractkit/chainlink/v2/tools/flakeytests/runner.go:155.18,161.55 3 0
github.com/smartcontractkit/chainlink/v2/tools/flakeytests/runner.go:161.55,162.14 1 0
github.com/smartcontractkit/chainlink/v2/tools/flakeytests/runner.go:164.5,164.32 1 0
github.com/smartcontractkit/chainlink/v2/tools/flakeytests/runner.go:167.4,168.18 2 0
github.com/smartcontractkit/chainlink/v2/tools/flakeytests/runner.go:168.18,170.5 1 0
github.com/smartcontractkit/chainlink/v2/tools/flakeytests/runner.go:172.4,172.25 1 0
github.com/smartcontractkit/chainlink/v2/tools/flakeytests/runner.go:172.25,174.22 2 0
github.com/smartcontractkit/chainlink/v2/tools/flakeytests/runner.go:174.22,175.37 1 0
github.com/smartcontractkit/chainlink/v2/tools/flakeytests/runner.go:175.37,177.7 1 0
github.com/smartcontractkit/chainlink/v2/tools/flakeytests/runner.go:178.6,178.42 1 0
github.com/smartcontractkit/chainlink/v2/tools/flakeytests/runner.go:184.2,184.29 1 0
github.com/smartcontractkit/chainlink/v2/tools/flakeytests/runner.go:187.30,189.16 2 0
github.com/smartcontractkit/chainlink/v2/tools/flakeytests/runner.go:189.16,191.3 1 0
github.com/smartcontractkit/chainlink/v2/tools/flakeytests/runner.go:193.2,194.16 2 0
github.com/smartcontractkit/chainlink/v2/tools/flakeytests/runner.go:194.16,196.3 1 0
github.com/smartcontractkit/chainlink/v2/tools/flakeytests/runner.go:198.2,198.30 1 0
github.com/smartcontractkit/chainlink/v2/tools/flakeytests/runner.go:198.30,200.3 1 0
github.com/smartcontractkit/chainlink/v2/tools/flakeytests/runner.go:200.8,202.3 1 0
github.com/smartcontractkit/chainlink/v2/tools/flakeytests/runner.go:204.2,204.43 1 0
github.com/smartcontractkit/chainlink/v2/tools/flakeytests/utils.go:12.74,15.25 3 0
github.com/smartcontractkit/chainlink/v2/tools/flakeytests/utils.go:15.25,17.10 2 0
github.com/smartcontractkit/chainlink/v2/tools/flakeytests/utils.go:17.10,19.4 1 0
github.com/smartcontractkit/chainlink/v2/tools/flakeytests/utils.go:21.3,21.10 1 0
github.com/smartcontractkit/chainlink/v2/tools/flakeytests/utils.go:24.2,25.9 2 0
github.com/smartcontractkit/chainlink/v2/tools/flakeytests/utils.go:25.9,27.3 1 0
github.com/smartcontractkit/chainlink/v2/tools/flakeytests/utils.go:29.2,29.16 1 0
github.com/smartcontractkit/chainlink/v2/tools/flakeytests/utils.go:32.88,34.16 2 0
github.com/smartcontractkit/chainlink/v2/tools/flakeytests/utils.go:34.16,36.17 2 0
github.com/smartcontractkit/chainlink/v2/tools/flakeytests/utils.go:36.17,38.4 1 0
github.com/smartcontractkit/chainlink/v2/tools/flakeytests/utils.go:40.3,41.17 2 0
github.com/smartcontractkit/chainlink/v2/tools/flakeytests/utils.go:41.17,43.4 1 0
github.com/smartcontractkit/chainlink/v2/tools/flakeytests/utils.go:45.3,46.17 2 0
github.com/smartcontractkit/chainlink/v2/tools/flakeytests/utils.go:46.17,48.4 1 0
github.com/smartcontractkit/chainlink/v2/tools/flakeytests/utils.go:51.2,52.19 2 0
github.com/smartcontractkit/chainlink/v2/tools/flakeytests/utils.go:53.22,56.17 3 0
github.com/smartcontractkit/chainlink/v2/tools/flakeytests/utils.go:56.17,58.4 1 0
github.com/smartcontractkit/chainlink/v2/tools/flakeytests/utils.go:60.3,61.19 2 0
github.com/smartcontractkit/chainlink/v2/tools/flakeytests/utils.go:62.10,63.19 1 0
